mav_ppp
mav_ppp_aer
rout_s_w_auto
solid_w
coast_w
habsec
habrc
habtma
state_w
border_w
habzc
habair
points_w_auto
rout_zone
desw_zon
routes_zon_dop
desw_zon_dop
habsec01
habsec02
habsec03
habsec04
habsec05
habsec06
habsec07
habsec08
habsec09
habsec10
habsec11
habsec12
habsec15
habsec14
habsecm1
habsecm2
habseca1
habseca2
habsecc
hb_zc
hb_vt
hb_rc
hb_mdp
hb_mvl
hb_mvl_sdp
hb_ra
hb_loc_r_auto
hb_loc_p_auto
hb_loc_d_auto
height_mvl_auto
meteo_r
ngm01
ngm02
ngm03
ngm04
ngm05
ngm06
ngm07
ngm08
ngm09
ngm10
ngm11
ngm12
ngm13
ngm14
lpm41
lpm42
lpm43
lpm44
lpm45
lpm46
lpm47
lpm48
lpm50
lpm51
lpm52
lpm53
lpm54
lpm55
lpm56
lpm57
lpm58
lpm59
lpm60
lpm61
lpm101
lpm102
lpm103
lpm104
lpm105
lpm106
lpm107
lpm108
lpm109
lpm110
lpm111
lpm112
lpm113
lpm114
lpm115
lpm116
lpm117
lpm118
lpm119
lpm120
lpm121
lpm122
lpm123
lpm124
lpm125
lpm126
lpm127
lpm128
lpm129
lpm130
lpm131
lpm132
lpm133
lpm134
lpm135
lpm136
lpm137
lpm138
lpm139
lpm140
lpm141
lpm142
lpm143
lpm144
lpm145
lpm146
lpr01
lpr02
lpr03
lpr04
lpr05
lpr06
lpr07
lpr08
lpr09
lpr10
lpr11
lpr12
lpr13
lpr14
lpr15
lpr16
lpr17
lpr18
lpr19
lpr20
lpr21
lpr22
lpr23
lpr24
lpr25
lpr26
lpr27
lpr28
lpr29
lpr30
region5
region10
region11
region12
region13
region14
region15
region16
region17
region18
region19
region20
region21
region22
region23
dzemgi1
dzemgi2
dzemgi3
dzemgi4
dzemgi5
dzemgi6
dzemgi7
dzemgi8
dzemgi9
dzemgi10
dzemgi11
dzemgi12
dzemgi13
dzemgi14
dzemgi15
dzemgi16
dzemgi17
dzemgi18
dzemgi19
dzemgi20
dzemgi21
dzemgi22
dzemgi23
dzemgi24
dzemgi25
dzemgi26
dzemgi27
dzemgi28
dzemgi29
dzemgi30
dzemgi31
dzemgi32
dzemgi33
dzemgi34
dzemgi35
dzemgi36
dzemgi37
dzemgi38
dzemgi39
dzemgi40
dzemgi41
dzemgi42
dzemgi43
hurba1
hurba2
hurba3
hurba4
hurba5
hurba6
hurba7
hurba8
hurba9
hurba10
ukraink1
ukraink2
ukraink3
ukraink4
ukraink5
ukraink6
ukraink7
uglovay1
uglovay2
uglovay3
sok1r
sok2r
sok3r
sok4r
hmpushki
hmtigrov
hmknyaze
hmlesoza
hmfilino
hmdalupg
hmbikins
hmrozeng
hmbidzha
hmbabsto
hmlenins
hmbirobi
hmsolnec
hma1
hmdalpuc
hmnikola
hmlitovk
hmsvyato
hmboktor
closed_w
habwild
hab_rw
grid_w
grid_m_w
high_h
zones_h1
ZonaOtvPos
terek
harr048_terek
harr228_terek
kdpmvl
adhbr
uhhh_sid(1a)05l
uhhh_sid(1c)05l
uhhh_sid(1l)05l
uhhh_sid(1p)05l
uhhh_sid(1q)05l
uhhh_sid(1u)05l
uhhh_sid(1w)05l
uhhh_sid(1a)05r
uhhh_sid(1c)05r
uhhh_sid(1l)05r
uhhh_sid(1p)05r
uhhh_sid(1q)05r
uhhh_sid(1u)05r
uhhh_sid(1w)05r
uhhh_sid(3a)23l
uhhh_sid(3c)23l
uhhh_sid(3l)23l
uhhh_sid(3q)23l
uhhh_sid(3r)23l
uhhh_sid(3t)23l
uhhh_sid(3v)23l
uhhh_sid(3a)23r
uhhh_sid(3c)23r
uhhh_sid(3l)23r
uhhh_sid(3q)23r
uhhh_sid(3r)23r
uhhh_sid(3t)23r
uhhh_sid(3v)23r
uhhh_star(6a)05l
uhhh_star(6b)05l
uhhh_star(6c)05l
uhhh_star(7d)05l
uhhh_star(7e)05l
uhhh_star(2a)05r
uhhh_star(2b)05r
uhhh_star(7a)05r
uhhh_star(8d)05r
uhhh_star(8e)05r
uhhh_star(4a)23l
uhhh_star(4b)23l
uhhh_star(7a)23l
uhhh_star(8f)23l
uhhh_star(8g)23l
uhhh_star(6a)23r
uhhh_star(6b)23r
uhhh_star(6c)23r
uhhh_star(7f)23r
uhhh_star(7g)23r
uhhh_sid(rnav)05
uhhh_sid(rnav)23
uhhh_star(rnav)05l
uhhh_star(rnav)05r
uhhh_star(rnav)23l
uhhh_star(rnav)23r
finh05ln
finh05rn
finh23ln
finh23rn
classc_2600
classc_2300
classc_bogorod
classc_nelkan
classc_tukchi
classc_urgalan
classc_sovgavan
classc_nogliki
height_auto
height_zon_auto
new_layer_auto
new_routes_int_auto
new_routes_mvl_auto
new_desw_int_auto
new_desw_mvl_auto
del_routes_int_auto
del_desw_int_auto
del_routes_mvl_auto
del_desw_mvl_auto
secfreq
secfreqadc
shz
ogrpelen
ardtlg
ardpoz
ysakhtma
vldtma
radhek
radhmv
radkom
raddal
radsve
radsov
radarh
radeki
radbla
radmag
radkav
radche
radyuz
radnik
radoha
radoho
ht_fores
ht_hydro
ht_glaci
ht_wetla
ht_scrub
ht_orcha
ht_large
ht_small
ht_rural
ht_river
ht_ditch
ht_railw
ht_highw
ht_roads
ht_trail
ht_eleva
ht_depth
ht_place
test1
test2
test3
NoDispZones
DropZones
TrustZones
HideZones
hdep05
hdep05s
hdep05b
hdep23
hdep23s
hdep23b
harr05
harr05s
harr05bi
harr05tn
harr05ab
harr23
harr23s
harr23bi
harr23tn
harr23ab
harr23v
routes_w_auto
points_w_only_auto
desw_auto
habfir
rw05l23r
rw05r23l
ro05l23r
ro05r23l
habmvld0_auto
habmvld1_auto
hcoa0000
hcoa0001
hcoa2002
hcoa2003
hdep0029
hdep0030
hdep0031
hdep0033
hdep0039
hdep0040
hdep0041
hdep0042
hdep0043
hdep0048
hdep0049
hdep0050
hdep0051
hdep0052
hdep0053
hdep0054
hdep0055
hdep0056
hdep0057
hdep0061
hdep0062
hdep0063
hdep0064
hdep0065
hdep0066
hdep0067
hdep0069
hdep0070
hdep0071
hdep0072
hdep0074
hdep0075
hdep0076
hdep0077
hdep0078
hdep0079
hdep0080
hdep0081
hdep0082
hdep0083
hdep0084
hdep0085
hdep0087
hdep0088
hdep0089
hdep0090
hdep0091
hdep0092
hdep0093
hdep0094
hdep0095
hdep0096
hdep0097
hdep0098
hdep0099
hdep0100
hdep0101
hdep0102
hdep0103
hdep0104
hdep0105
hdep0106
hdep0107
hdep0108
hdep0109
hdep0110
hdep0111
hdep0112
hdep0115
hdit0030
hdit0031
hdit0039
hdit0040
hdit0041
hdit0049
hdit0050
hdit0052
hdit0053
hdit0054
hdit0055
hdit0061
hdit0062
hdit0063
hdit0064
hdit0065
hdit0066
hdit0067
hdit0074
hdit0075
hdit0076
hdit0077
hdit0078
hdit0079
hdit0080
hdit0081
hdit0087
hdit0088
hdit0089
hdit0090
hdit0091
hdit0094
hdit0095
hdit0096
hdit0097
hdit0098
hdit0102
hdit0103
hdit0104
hdit0105
hdit0106
hdit0107
hdit0109
hdit0110
hdit0111
hdit0112
hdit0115
hfor0030
hfor0031
hfor0033
hfor0039
hfor0040
hfor0041
hfor0042
hfor0043
hfor0048
hfor0049
hfor0050
hfor0051
hfor0052
hfor0053
hfor0054
hfor0055
hfor0057
hfor0061
hfor0062
hfor0063
hfor0064
hfor0065
hfor0066
hfor0067
hfor0069
hfor0070
hfor0071
hfor0074
hfor0075
hfor0076
hfor0077
hfor0078
hfor0079
hfor0080
hfor0081
hfor0082
hfor0083
hfor0084
hfor0087
hfor0088
hfor0089
hfor0090
hfor0091
hfor0092
hfor0093
hfor0094
hfor0095
hfor0096
hfor0097
hfor0098
hfor0099
hfor0100
hfor0101
hfor0102
hfor0103
hfor0104
hfor0105
hfor0106
hfor0108
hfor0109
hfor0110
hgla0057
hgla0070
hgla0075
hgla0078
hgla0079
hgla0083
hgla0084
hgla0090
hgla0091
hgla0093
hgla0096
hgla0097
hgla0098
hgla0103
hgla0108
hgla1090
hgla2103
hgla2108
hhig0030
hhig0031
hhig0039
hhig0040
hhig0042
hhig0048
hhig0049
hhig0050
hhig0052
hhig0053
hhig0054
hhig0061
hhig0062
hhig0070
hhig0082
hhig0091
hhig1030
hhig1031
hhig1039
hhig1040
hhig1048
hhig1049
hhig1050
hhig1052
hhig1053
hhig1054
hhig1061
hhig1062
hhig1070
hhig1082
hhig1091
hhig2030
hhig2031
hhig2039
hhig2040
hhig2042
hhig2048
hhig2049
hhig2050
hhig2052
hhig2053
hhig2054
hhig2061
hhig2062
hhyd0030
hhyd0031
hhyd0033
hhyd0039
hhyd0040
hhyd0041
hhyd0042
hhyd0043
hhyd0048
hhyd0049
hhyd0050
hhyd0052
hhyd0053
hhyd0054
hhyd0055
hhyd0056
hhyd0057
hhyd0061
hhyd0062
hhyd0063
hhyd0064
hhyd0065
hhyd0066
hhyd0067
hhyd0069
hhyd0070
hhyd0071
hhyd0074
hhyd0075
hhyd0076
hhyd0077
hhyd0078
hhyd0079
hhyd0080
hhyd0081
hhyd0082
hhyd0083
hhyd0084
hhyd0087
hhyd0088
hhyd0089
hhyd0090
hhyd0091
hhyd0092
hhyd0093
hhyd0094
hhyd0095
hhyd0096
hhyd0097
hhyd0098
hhyd0099
hhyd0100
hhyd0101
hhyd0102
hhyd0103
hhyd0104
hhyd0105
hhyd0106
hhyd0107
hhyd0108
hhyd0109
hhyd0110
hhyd0111
hhyd0112
hhyd0115
hhyd1030
hhyd1031
hhyd1039
hhyd1040
hhyd1041
hhyd1048
hhyd1052
hhyd1053
hhyd1054
hhyd1055
hhyd1056
hhyd1057
hhyd1061
hhyd1062
hhyd1064
hhyd1065
hhyd1066
hhyd1067
hhyd1069
hhyd1070
hhyd1071
hhyd1074
hhyd1075
hhyd1076
hhyd1078
hhyd1079
hhyd1081
hhyd1082
hhyd1083
hhyd1084
hhyd1087
hhyd1088
hhyd1089
hhyd1090
hhyd1091
hhyd1092
hhyd1093
hhyd1095
hhyd1096
hhyd1097
hhyd1099
hhyd1100
hhyd1102
hhyd1111
hhyd1112
hhyd2030
hhyd2031
hhyd2033
hhyd2039
hhyd2040
hhyd2041
hhyd2042
hhyd2043
hhyd2048
hhyd2052
hhyd2053
hhyd2054
hhyd2055
hhyd2061
hhyd2062
hhyd2064
hhyd2065
hhyd2066
hhyd2067
hhyd2074
hhyd2075
hhyd2076
hhyd2077
hhyd2078
hhyd2079
hhyd2087
hhyd2088
hhyd2089
hhyd2090
hhyd2095
hhyd2096
hhyd2097
hhyd2102
hhyd2103
hhyd2104
hhyd2105
hhyd2106
hhyd2107
hhyd2108
hhyd2109
hhyd2110
hhyd2111
hhyd2112
hlar0030
hlar0031
hlar0040
hlar0041
hlar0048
hlar0049
hlar0050
hlar0052
hlar0053
hlar0054
hlar0062
hlar0063
hlar0064
hlar0065
hlar0067
hlar0075
hlar0076
hlar0077
hlar0078
hlar0089
hlar0090
hlar0107
hlar1030
hlar1031
hlar1040
hlar1041
hlar1048
hlar1049
hlar1050
hlar1052
hlar1053
hlar1054
hlar1062
hlar1063
hlar1064
hlar1065
hlar1067
hlar1075
hlar1076
hlar1077
hlar1078
hlar1089
hlar1090
hlar2030
hlar2031
hlar2040
hlar2041
hlar2048
hlar2049
hlar2050
hlar2052
hlar2053
hlar2054
hlar2062
hlar2063
hlar2064
hlar2065
hlar2067
hlar2075
hlar2076
hlar2077
hlar2078
hlar2089
hlar2090
horc0031
horc0040
hpla0029
hpla0030
hpla0031
hpla0039
hpla0040
hpla0041
hpla0042
hpla0048
hpla0049
hpla0050
hpla0051
hpla0052
hpla0053
hpla0054
hpla0055
hpla0057
hpla0061
hpla0062
hpla0063
hpla0064
hpla0065
hpla0066
hpla0067
hpla0070
hpla0074
hpla0075
hpla0076
hpla0077
hpla0078
hpla0079
hpla0080
hpla0081
hpla0082
hpla0083
hpla0087
hpla0088
hpla0089
hpla0090
hpla0091
hpla0095
hpla0096
hpla0097
hpla0098
hpla0102
hpla0103
hpla0104
hpla0105
hpla0107
hpla0109
hpla0110
hpla1030
hpla1031
hpla1039
hpla1040
hpla1041
hpla1048
hpla1049
hpla1050
hpla1051
hpla1052
hpla1053
hpla1054
hpla1055
hpla1057
hpla1061
hpla1062
hpla1063
hpla1064
hpla1065
hpla1066
hpla1067
hpla1070
hpla1074
hpla1075
hpla1076
hpla1077
hpla1078
hpla1079
hpla1080
hpla1081
hpla1082
hpla1083
hpla1087
hpla1088
hpla1089
hpla1090
hpla1091
hpla1095
hpla1096
hpla1097
hpla1102
hpla2030
hpla2031
hpla2033
hpla2039
hpla2040
hpla2041
hpla2042
hpla2048
hpla2049
hpla2050
hpla2052
hpla2053
hpla2054
hpla2061
hpla2062
hpla2063
hpla2064
hpla2065
hpla2066
hpla2067
hpla2074
hpla2075
hpla2076
hpla2077
hpla2078
hpla2079
hpla2080
hpla2088
hpla2089
hpla2090
hpla2095
hpla2097
hpla2103
hpla2104
hpla2107
hpla2109
hpla2110
hrai0030
hrai0031
hrai0039
hrai0040
hrai0041
hrai0048
hrai0049
hrai0050
hrai0052
hrai0053
hrai0054
hrai0061
hrai0062
hrai0063
hrai0064
hrai0065
hrai0067
hrai0074
hrai0075
hrai0076
hrai0077
hrai0078
hrai0089
hrai1030
hrai1031
hrai1039
hrai1040
hrai1041
hrai1048
hrai1049
hrai1050
hrai1052
hrai1053
hrai1054
hrai1061
hrai1062
hrai1063
hrai1064
hrai1065
hrai1067
hrai1074
hrai1075
hrai1076
hrai1077
hrai1078
hrai1089
hrai2030
hrai2031
hrai2039
hrai2040
hrai2041
hrai2048
hrai2049
hrai2050
hrai2052
hrai2053
hrai2054
hrai2061
hrai2062
hrai2063
hrai2064
hrai2065
hrai2067
hrai2074
hrai2075
hrai2076
hrai2077
hrai2078
hriv0029
hriv0030
hriv0031
hriv0033
hriv0039
hriv0040
hriv0041
hriv0042
hriv0043
hriv0048
hriv0049
hriv0050
hriv0051
hriv0052
hriv0053
hriv0054
hriv0055
hriv0056
hriv0057
hriv0061
hriv0062
hriv0063
hriv0064
hriv0065
hriv0066
hriv0067
hriv0069
hriv0070
hriv0071
hriv0074
hriv0075
hriv0076
hriv0077
hriv0078
hriv0079
hriv0080
hriv0081
hriv0082
hriv0083
hriv0084
hriv0085
hriv0087
hriv0088
hriv0089
hriv0090
hriv0091
hriv0092
hriv0093
hriv0094
hriv0095
hriv0096
hriv0097
hriv0098
hriv0099
hriv0100
hriv0101
hriv0102
hriv0103
hriv0104
hriv0105
hriv0106
hriv0107
hriv0108
hriv0109
hriv0110
hriv0111
hriv0112
hriv0115
hriv1030
hriv1031
hriv1039
hriv1040
hriv1041
hriv1048
hriv1049
hriv1050
hriv1051
hriv1052
hriv1053
hriv1054
hriv1055
hriv1061
hriv1062
hriv1063
hriv1064
hriv1065
hriv1066
hriv1067
hriv1074
hriv1075
hriv1076
hriv1077
hriv1078
hriv1079
hriv1080
hriv1081
hriv1087
hriv1088
hriv1089
hriv1090
hriv1091
hriv1094
hriv1095
hriv1096
hriv1097
hriv1101
hriv1102
hriv1111
hriv1112
hriv2031
hriv2048
hriv2049
hriv2050
hriv2051
hriv2054
hriv2062
hriv2063
hriv2064
hriv2075
hriv2076
hriv2077
hriv2078
hriv2079
hriv2080
hriv2088
hriv2089
hriv2090
hriv2095
hriv2096
hriv2097
hriv2102
hriv2103
hriv2104
hriv2105
hriv2108
hriv2109
hriv2110
hriv2115
hriv2116
hroa0030
hroa0031
hroa0033
hroa0039
hroa0040
hroa0041
hroa0042
hroa0043
hroa0048
hroa0049
hroa0050
hroa0051
hroa0052
hroa0053
hroa0054
hroa0055
hroa0056
hroa0057
hroa0061
hroa0062
hroa0063
hroa0064
hroa0065
hroa0066
hroa0067
hroa0069
hroa0070
hroa0071
hroa0074
hroa0075
hroa0076
hroa0077
hroa0078
hroa0079
hroa0080
hroa0081
hroa0082
hroa0083
hroa0084
hroa0087
hroa0088
hroa0089
hroa0090
hroa0091
hroa0092
hroa0093
hroa0095
hroa0096
hroa0097
hroa0098
hroa0099
hroa0100
hroa0103
hroa0104
hroa0105
hroa0106
hroa0107
hroa0110
hroa0111
hroa1030
hroa1031
hroa1039
hroa1040
hroa1041
hroa1048
hroa1049
hroa1050
hroa1052
hroa1053
hroa1054
hroa1061
hroa1062
hroa1063
hroa1064
hroa1065
hroa1067
hroa1070
hroa1071
hroa1074
hroa1075
hroa1077
hroa1078
hroa1081
hroa1082
hroa1084
hroa1089
hroa1090
hroa1091
hroa1095
hroa1097
hroa1100
hroa2033
hrur0030
hrur0031
hrur0039
hrur0040
hrur0041
hrur0048
hrur0049
hrur0050
hrur0052
hrur0053
hrur0054
hrur0055
hrur0061
hrur0062
hrur0063
hrur0064
hrur0065
hrur0067
hrur0076
hrur0088
hrur0089
hrur0090
hrur0106
hrur0107
hrur1030
hrur1031
hrur1039
hrur1040
hrur1041
hrur1048
hrur1049
hrur1050
hrur1052
hrur1053
hrur1054
hrur1055
hrur1061
hrur1062
hrur1063
hrur1064
hrur1065
hrur1067
hrur1076
hrur1088
hrur1089
hrur1090
hscr0030
hscr0031
hscr0039
hscr0040
hscr0041
hscr0053
hscr0054
hscr0055
hscr0061
hscr0062
hscr0063
hscr0064
hscr0065
hscr0066
hscr0067
hscr0075
hscr0076
hscr0077
hscr0078
hscr0079
hscr0080
hscr0081
hscr0090
hscr0096
hscr0097
hscr0098
hscr0103
hsea0004
hsea0005
hsea0006
hsea0007
hsea0008
hsea0009
hsea0010
hsea0011
hsea0012
hsea0013
hsea0014
hsea0029
hsea0030
hsea0031
hsea0032
hsea0033
hsea0034
hsea0035
hsea0036
hsea0037
hsea0038
hsea0040
hsea0041
hsea0042
hsea0043
hsea0044
hsea0045
hsea0046
hsea0047
hsea0054
hsea0055
hsea0056
hsea0057
hsea0058
hsea0059
hsea0060
hsea0066
hsea0067
hsea0068
hsea0069
hsea0070
hsea0071
hsea0072
hsea0073
hsea0079
hsea0080
hsea0081
hsea0082
hsea0083
hsea0084
hsea0085
hsea0086
hsea0091
hsea0092
hsea0093
hsea0100
hsea0103
hsea0104
hsea0105
hsea0106
hsea0107
hsea0108
hsea0109
hsea0110
hsea0111
hsea0112
hsea0113
hsea0114
hsea0115
hsea0116
hsea0117
hsea0118
hsea0119
hsea0120
hsea0121
hsea0122
hsea0123
hsea0124
hsea0125
hsea0126
hsea2015
hsea2016
hsea2017
hsea2018
hsea2019
hsea2020
hsea2021
hsea2022
hsea2023
hsea2024
hsea2025
hsea2026
hsea2027
hsea2028
hsma0030
hsma0031
hsma0039
hsma0040
hsma0041
hsma0042
hsma0048
hsma0049
hsma0050
hsma0053
hsma0054
hsma0057
hsma0061
hsma0062
hsma0063
hsma0064
hsma0065
hsma0067
hsma0069
hsma0070
hsma0071
hsma0074
hsma0075
hsma0076
hsma0077
hsma0080
hsma0081
hsma0082
hsma0083
hsma0084
hsma0088
hsma0089
hsma0090
hsma0093
hsma0097
hsma0103
hsma0104
hsma0106
hsma0107
hsma1030
hsma1031
hsma1039
hsma1040
hsma1041
hsma1048
hsma1049
hsma1050
hsma1053
hsma1054
hsma1061
hsma1062
hsma1063
hsma1064
hsma1065
hsma1067
hsma1074
hsma1075
hsma1076
hsma1077
hsma1080
hsma1088
hsma1089
hsma1090
hsma1097
hsma2030
hsma2031
hsma2039
hsma2040
hsma2041
hsma2048
hsma2049
hsma2050
hsma2053
hsma2054
hsma2061
hsma2062
hsma2063
hsma2064
hsma2065
hsma2067
hsma2074
hsma2075
hsma2076
hsma2077
hsma2080
hsma2088
hsma2089
hsma2090
hsma2097
hsma2103
hsma2104
htra0030
htra0031
htra0033
htra0039
htra0040
htra0041
htra0042
htra0043
htra0048
htra0049
htra0050
htra0051
htra0052
htra0053
htra0054
htra0055
htra0056
htra0061
htra0062
htra0063
htra0064
htra0065
htra0066
htra0067
htra0070
htra0074
htra0075
htra0076
htra0077
htra0078
htra0079
htra0080
htra0081
htra0082
htra0083
htra0084
htra0087
htra0088
htra0089
htra0090
htra0091
htra0093
htra0094
htra0095
htra0096
htra0097
htra0098
htra0100
htra0102
htra0103
htra0104
htra0105
htra0109
htra0110
htra1031
htra1040
htra1041
htra1052
htra1053
htra1054
htra1061
htra1062
htra1063
htra1064
htra1065
htra1066
htra1067
htra1074
htra1075
htra1076
htra1077
htra1078
htra1079
htra1080
htra1081
htra1087
htra1088
htra1089
htra1090
htra1091
htra1094
htra1095
htra1096
htra1097
htra1102
htra2103
htra2104
htra2109
htra2110
hwet0030
hwet0031
hwet0033
hwet0039
hwet0040
hwet0041
hwet0042
hwet0048
hwet0049
hwet0050
hwet0051
hwet0052
hwet0053
hwet0054
hwet0055
hwet0056
hwet0057
hwet0061
hwet0062
hwet0063
hwet0064
hwet0065
hwet0066
hwet0067
hwet0069
hwet0070
hwet0071
hwet0074
hwet0075
hwet0076
hwet0077
hwet0078
hwet0079
hwet0080
hwet0081
hwet0082
hwet0083
hwet0084
hwet0087
hwet0088
hwet0089
hwet0090
hwet0091
hwet0092
hwet0093
hwet0094
hwet0095
hwet0096
hwet0097
hwet0098
hwet0099
hwet0100
hwet0101
hwet0102
hwet0103
hwet0104
hwet0105
hwet0106
hwet0107
hwet0108
hwet0109
hwet0110
hwet0111
hwet0112
hwet0115
hele0000
hele0001
hele0002
hele0003
hele0004
hele0005
hele0006
hele0007
hele0008
hele0009
hele0010
hele0011
hele0012
hele0013
hele0014
hele0015
hele0016
hele0017
